Arguments: 
  /home/parnab/node12.13/bin/node /home/parnab/node12.13/bin/yarn

PATH: 
  /usr/local/sbin:/usr/local/bin:/usr/sbin:/usr/bin:/sbin:/bin:/usr/games:/usr/local/games:/snap/bin:/home/parnab/node12.13/bin

Yarn version: 
  1.19.1

Node version: 
  12.13.0

Platform: 
  linux x64

Trace: 
  SyntaxError: /home/parnab/Projects/writedown-editor/package.json: Unexpected token } in JSON at position 484
      at JSON.parse (<anonymous>)
      at /home/parnab/node12.13/lib/node_modules/yarn/lib/cli.js:1625:59
      at Generator.next (<anonymous>)
      at step (/home/parnab/node12.13/lib/node_modules/yarn/lib/cli.js:304:30)
      at /home/parnab/node12.13/lib/node_modules/yarn/lib/cli.js:315:13

npm manifest: 
  {
    "name": "writedown-editor",
    "version": "1.0.0",
    "repository": {
      "type": "git",
      "url": "https://github.com/itssayantan/writedown-editor"
    },
    "private": false,
    "main": "main.js",
    "license": "MIT",
    "scripts": {
      "test": "jest --no-watch",
      "lint": "eslint .",
      "start": "NODE_ENV='development' webpack-dev-server --config ./config/react/webpack.config.js",
      "react:build": "NODE_ENV='production' webpack --config ./config/react/webpack.config.js",
    },
    "devDependencies": {
      "@babel/cli": "^7.7.0",
      "@babel/core": "^7.7.2",
      "@babel/plugin-proposal-optional-chaining": "^7.6.0",
      "@babel/preset-env": "^7.7.1",
      "@babel/preset-react": "^7.7.0",
      "@types/react": "^16.9.11",
      "@types/react-dom": "^16.9.4",
      "babel-loader": "^8.0.6",
      "css-loader": "^3.2.0",
      "eslint": "^6.6.0",
      "husky": "^3.0.9",
      "jest": "^24.9.0",
      "node-sass": "^4.13.0",
      "rimraf": "^3.0.0",
      "sass-loader": "^8.0.0",
      "style-loader": "^1.0.0",
      "ts-loader": "^6.2.1",
      "typescript": "^3.7.2",
      "webpack": "^4.41.2",
      "webpack-cli": "^3.3.10",
      "webpack-dev-server": "^3.9.0"
    },
    "husky": {
      "hooks": {
        "pre-commit": "yarn test"
      }
    },
    "contributors": [
      "Sayantan Ghosh <sayantan.ghosh03@gmail.com> (https://github.com/itsSayantan)",
      "Parnab Sanyal <sanyal.parnab96@gmail.com> (https://github.com/iamparnab)"
    ],
    "dependencies": {
      "react": "^16.11.0",
      "react-dom": "^16.11.0"
    }
  }

yarn manifest: 
  No manifest

Lockfile: 
  No lockfile
